<?xml version="1.0" encoding="UTF-8"?>
<!-- Generated by org.testng.reporters.JUnitXMLReporter -->
<testsuite ignored="0" hostname="DESKTOP-O5JC87R" failures="0" tests="3" name="SwagLabsTests" time="17.141" errors="0" timestamp="21 Jul 2025 16:09:59 GMT">
  <testcase classname="swaglab_test.LoginTest" name="loginFromExcel" time="1.041"/>
  <testcase classname="swaglab_test.LoginTest" name="loginFromProperties" time="1.296"/>
  <testcase classname="swaglab_test.LoginTest" name="loginSuccessTest" time="0.703"/>
</testsuite> <!-- SwagLabsTests -->
