<?xml version="1.0" encoding="UTF-8"?>
<!-- Generated by org.testng.reporters.JUnitXMLReporter -->
<testsuite ignored="0" hostname="DESKTOP-O5JC87R" failures="0" tests="3" name="SwagLabsTests" time="46.438" errors="0" timestamp="19 Jul 2025 10:32:57 GMT">
  <testcase classname="swaglab_test.LoginTest" name="loginFromExcel" time="3.115"/>
  <testcase classname="swaglab_test.LoginTest" name="loginFromProperties" time="3.885"/>
  <testcase classname="swaglab_test.LoginTest" name="loginSuccessTest" time="3.886"/>
</testsuite> <!-- SwagLabsTests -->
