<?xml version="1.0" encoding="UTF-8"?>
<!-- Generated by org.testng.reporters.JUnitXMLReporter -->
<testsuite ignored="0" hostname="DESKTOP-O5JC87R" failures="0" tests="3" name="Default test" time="34.684" errors="0" timestamp="2025-07-19T14:00:40 IST">
  <testcase classname="swaglab_test.LoginTest" name="loginFromExcel" time="1.677"/>
  <testcase classname="swaglab_test.LoginTest" name="loginFromProperties" time="1.709"/>
  <testcase classname="swaglab_test.LoginTest" name="loginSuccessTest" time="2.429"/>
</testsuite> <!-- Default test -->
