<?xml version="1.0" encoding="UTF-8"?>
<testng-results ignored="0" total="3" passed="3" failed="0" skipped="0">
  <reporter-output>
  </reporter-output>
  <suite started-at="2025-07-21T16:09:42Z" name="SwagLabsSuite" finished-at="2025-07-21T16:09:59Z" duration-ms="17141">
    <groups>
    </groups>
    <test started-at="2025-07-21T16:09:42Z" name="SwagLabsTests" finished-at="2025-07-21T16:09:59Z" duration-ms="17141">
      <class name="swaglab_test.LoginTest">
        <test-method is-config="true" signature="SetUp()[pri:0, instance:swaglab_test.LoginTest@55ca8de8]" started-at="2025-07-21T16:09:42Z" name="SetUp" finished-at="2025-07-21T16:09:51Z" duration-ms="8980" status="PASS">
          <reporter-output>
          </reporter-output>
        </test-method> <!-- SetUp -->
        <test-method signature="loginFromExcel()[pri:0, instance:swaglab_test.LoginTest@55ca8de8]" started-at="2025-07-21T16:09:51Z" name="loginFromExcel" finished-at="2025-07-21T16:09:52Z" duration-ms="1041" status="PASS">
          <reporter-output>
          </reporter-output>
        </test-method> <!-- loginFromExcel -->
        <test-method is-config="true" signature="tearDown()[pri:0, instance:swaglab_test.LoginTest@55ca8de8]" started-at="2025-07-21T16:09:52Z" name="tearDown" finished-at="2025-07-21T16:09:53Z" duration-ms="440" status="PASS">
          <reporter-output>
          </reporter-output>
        </test-method> <!-- tearDown -->
        <test-method is-config="true" signature="SetUp()[pri:0, instance:swaglab_test.LoginTest@55ca8de8]" started-at="2025-07-21T16:09:53Z" name="SetUp" finished-at="2025-07-21T16:09:54Z" duration-ms="1724" status="PASS">
          <reporter-output>
          </reporter-output>
        </test-method> <!-- SetUp -->
        <test-method signature="loginFromProperties()[pri:0, instance:swaglab_test.LoginTest@55ca8de8]" started-at="2025-07-21T16:09:54Z" name="loginFromProperties" finished-at="2025-07-21T16:09:56Z" duration-ms="1296" status="PASS">
          <reporter-output>
          </reporter-output>
        </test-method> <!-- loginFromProperties -->
        <test-method is-config="true" signature="tearDown()[pri:0, instance:swaglab_test.LoginTest@55ca8de8]" started-at="2025-07-21T16:09:56Z" name="tearDown" finished-at="2025-07-21T16:09:56Z" duration-ms="301" status="PASS">
          <reporter-output>
          </reporter-output>
        </test-method> <!-- tearDown -->
        <test-method is-config="true" signature="SetUp()[pri:0, instance:swaglab_test.LoginTest@55ca8de8]" started-at="2025-07-21T16:09:56Z" name="SetUp" finished-at="2025-07-21T16:09:58Z" duration-ms="2306" status="PASS">
          <reporter-output>
          </reporter-output>
        </test-method> <!-- SetUp -->
        <test-method signature="loginSuccessTest()[pri:0, instance:swaglab_test.LoginTest@55ca8de8]" started-at="2025-07-21T16:09:58Z" name="loginSuccessTest" finished-at="2025-07-21T16:09:59Z" duration-ms="703" status="PASS">
          <reporter-output>
          </reporter-output>
        </test-method> <!-- loginSuccessTest -->
        <test-method is-config="true" signature="tearDown()[pri:0, instance:swaglab_test.LoginTest@55ca8de8]" started-at="2025-07-21T16:09:59Z" name="tearDown" finished-at="2025-07-21T16:09:59Z" duration-ms="310" status="PASS">
          <reporter-output>
          </reporter-output>
        </test-method> <!-- tearDown -->
      </class> <!-- swaglab_test.LoginTest -->
    </test> <!-- SwagLabsTests -->
  </suite> <!-- SwagLabsSuite -->
</testng-results>
