<?xml version="1.0" encoding="UTF-8"?>
<testng-results ignored="0" total="3" passed="3" failed="0" skipped="0">
  <reporter-output>
  </reporter-output>
  <suite started-at="2025-07-21T21:31:48 IST" name="Default suite" finished-at="2025-07-21T21:32:02 IST" duration-ms="14649">
    <groups>
    </groups>
    <test started-at="2025-07-21T21:31:48 IST" name="Default test" finished-at="2025-07-21T21:32:02 IST" duration-ms="14649">
      <class name="swaglab_test.LoginTest">
        <test-method is-config="true" signature="SetUp()[pri:0, instance:swaglab_test.LoginTest@61322f9d]" started-at="2025-07-21T21:31:48 IST" name="SetUp" finished-at="2025-07-21T21:31:54 IST" duration-ms="5946" status="PASS">
          <reporter-output>
          </reporter-output>
        </test-method> <!-- SetUp -->
        <test-method signature="loginFromExcel()[pri:0, instance:swaglab_test.LoginTest@61322f9d]" started-at="2025-07-21T21:31:54 IST" name="loginFromExcel" finished-at="2025-07-21T21:31:55 IST" duration-ms="876" status="PASS">
          <reporter-output>
          </reporter-output>
        </test-method> <!-- loginFromExcel -->
        <test-method is-config="true" signature="tearDown()[pri:0, instance:swaglab_test.LoginTest@61322f9d]" started-at="2025-07-21T21:31:55 IST" name="tearDown" finished-at="2025-07-21T21:31:55 IST" duration-ms="347" status="PASS">
          <reporter-output>
          </reporter-output>
        </test-method> <!-- tearDown -->
        <test-method is-config="true" signature="SetUp()[pri:0, instance:swaglab_test.LoginTest@61322f9d]" started-at="2025-07-21T21:31:55 IST" name="SetUp" finished-at="2025-07-21T21:31:58 IST" duration-ms="2816" status="PASS">
          <reporter-output>
          </reporter-output>
        </test-method> <!-- SetUp -->
        <test-method signature="loginFromProperties()[pri:0, instance:swaglab_test.LoginTest@61322f9d]" started-at="2025-07-21T21:31:58 IST" name="loginFromProperties" finished-at="2025-07-21T21:31:58 IST" duration-ms="603" status="PASS">
          <reporter-output>
          </reporter-output>
        </test-method> <!-- loginFromProperties -->
        <test-method is-config="true" signature="tearDown()[pri:0, instance:swaglab_test.LoginTest@61322f9d]" started-at="2025-07-21T21:31:58 IST" name="tearDown" finished-at="2025-07-21T21:31:59 IST" duration-ms="299" status="PASS">
          <reporter-output>
          </reporter-output>
        </test-method> <!-- tearDown -->
        <test-method is-config="true" signature="SetUp()[pri:0, instance:swaglab_test.LoginTest@61322f9d]" started-at="2025-07-21T21:31:59 IST" name="SetUp" finished-at="2025-07-21T21:32:02 IST" duration-ms="2877" status="PASS">
          <reporter-output>
          </reporter-output>
        </test-method> <!-- SetUp -->
        <test-method signature="loginSuccessTest()[pri:0, instance:swaglab_test.LoginTest@61322f9d]" started-at="2025-07-21T21:32:02 IST" name="loginSuccessTest" finished-at="2025-07-21T21:32:02 IST" duration-ms="507" status="PASS">
          <reporter-output>
          </reporter-output>
        </test-method> <!-- loginSuccessTest -->
        <test-method is-config="true" signature="tearDown()[pri:0, instance:swaglab_test.LoginTest@61322f9d]" started-at="2025-07-21T21:32:02 IST" name="tearDown" finished-at="2025-07-21T21:32:02 IST" duration-ms="300" status="PASS">
          <reporter-output>
          </reporter-output>
        </test-method> <!-- tearDown -->
      </class> <!-- swaglab_test.LoginTest -->
    </test> <!-- Default test -->
  </suite> <!-- Default suite -->
</testng-results>
