<?xml version="1.0" encoding="UTF-8"?>
<!-- Generated by org.testng.reporters.JUnitXMLReporter -->
<testsuite ignored="0" hostname="DESKTOP-O5JC87R" failures="1" tests="5" name="SmokeTest" time="50.527" errors="0" timestamp="2025-07-10T23:09:40 IST">
  <testcase classname="swaglab_test.LoginTest" name="LockedUserLoginFailureTest" time="1.462"/>
  <testcase classname="swaglab_test.LoginTest" name="LoginFailureTestFromExcel" time="0.014">
    <failure type="java.lang.NullPointerException" message="Cannot invoke &amp;quot;org.apache.poi.xssf.usermodel.XSSFSheet.getRow(int)&amp;quot; because &amp;quot;this.sheet&amp;quot; is null">
      <![CDATA[java.lang.NullPointerException: Cannot invoke "org.apache.poi.xssf.usermodel.XSSFSheet.getRow(int)" because "this.sheet" is null
at swaglab_test.LoginTest.LoginFailureTestFromExcel(LoginTest.java:58)
at java.base/java.util.ArrayList.forEach(ArrayList.java:1597)
... Removed 25 stack frames]]>
    </failure>
  </testcase> <!-- LoginFailureTestFromExcel -->
  <testcase classname="swaglab_test.LoginTest" name="LoginFailureTestFromProperties" time="0.652"/>
  <testcase classname="swaglab_test.LoginTest" name="LoginSuccessTest" time="0.624"/>
  <testcase classname="swaglab_test.LoginTest" name="LoginFailureTest" time="0.56"/>
</testsuite> <!-- SmokeTest -->
