<?xml version="1.0" encoding="UTF-8"?>
<!-- Generated by org.testng.reporters.JUnitXMLReporter -->
<testsuite ignored="0" hostname="DESKTOP-O5JC87R" failures="0" tests="2" name="SmokeTest" time="6.39" errors="0" timestamp="15 Jul 2025 17:02:26 GMT">
  <testcase classname="swaglab_test.BaseClass" name="@BeforeClass setUp" time="4.4">
    <failure type="java.lang.IllegalStateException" message="Sheet named &amp;apos;data&amp;apos; not found!">
      <![CDATA[java.lang.IllegalStateException: Sheet named 'data' not found!
at swaglab_test.BaseClass.setUp(BaseClass.java:34)
... Removed 30 stack frames]]>
    </failure>
  </testcase> <!-- @BeforeClass setUp -->
  <testcase classname="swaglab_test.LoginTest" name="@BeforeMethod openLoginPage" time="0.0">
    <skipped/>
  </testcase> <!-- @BeforeMethod openLoginPage -->
  <testcase classname="swaglab_test.BaseClass" name="@BeforeClass setUp" time="1.967">
    <failure type="java.lang.IllegalStateException" message="Sheet named &amp;apos;data&amp;apos; not found!">
      <![CDATA[java.lang.IllegalStateException: Sheet named 'data' not found!
at swaglab_test.BaseClass.setUp(BaseClass.java:34)
... Removed 30 stack frames]]>
    </failure>
  </testcase> <!-- @BeforeClass setUp -->
  <testcase classname="swaglab_test.ProductsTest" name="@BeforeMethod openLoginPage" time="0.0">
    <skipped/>
  </testcase> <!-- @BeforeMethod openLoginPage -->
  <testcase classname="swaglab_test.BaseClass" name="@AfterClass tearDown" time="0.0">
    <skipped/>
  </testcase> <!-- @AfterClass tearDown -->
  <testcase classname="swaglab_test.LoginTest" name="loginSuccessTest" time="0.0">
    <skipped/>
  </testcase> <!-- loginSuccessTest -->
  <testcase classname="swaglab_test.ProductsTest" name="addToCartTest" time="0.0">
    <skipped/>
  </testcase> <!-- addToCartTest -->
</testsuite> <!-- SmokeTest -->
